<?xml version="1.0" encoding="UTF-8"?>
<!-- Generated by org.testng.reporters.JUnitXMLReporter -->
<testsuite ignored="0" hostname="WIN-2C8N3BBE1O1" failures="0" tests="20" name="Default test" time="33.143" errors="0" timestamp="2023-10-09T18:30:21 SGT">
  <testcase classname="TestCase.AddtoCartPage" name="Addtocart" time="0.33"/>
  <testcase classname="TestCase.AddtoCartPage" name="RemovedProductsFromCart" time="0.426"/>
  <testcase classname="TestCase.LoginPageVerify" name="LoginVerify" time="0.185"/>
  <testcase classname="TestCase.LoginPageVerify" name="LoginVerify" time="0.172"/>
  <testcase classname="TestCase.LoginPageVerify" name="LoginVerify" time="0.171"/>
  <testcase classname="TestCase.LoginPageVerify" name="LoginVerify" time="0.167"/>
  <testcase classname="TestCase.CheckoutPage" name="BackHome" time="0.333"/>
  <testcase classname="TestCase.CheckoutPage" name="CancelButton" time="0.304"/>
  <testcase classname="TestCase.CheckoutPage" name="Checkout" time="0.278"/>
  <testcase classname="TestCase.CheckoutPage" name="Checkout" time="0.247"/>
  <testcase classname="TestCase.CheckoutPage" name="Checkout" time="0.244"/>
  <testcase classname="TestCase.CheckoutPage" name="Checkout" time="0.249"/>
  <testcase classname="TestCase.CheckoutPage" name="Checkout" time="0.225"/>
  <testcase classname="TestCase.CheckoutPage" name="Checkout" time="0.241"/>
  <testcase classname="TestCase.CheckoutPage" name="Checkout" time="0.238"/>
  <testcase classname="TestCase.CheckoutPage" name="FinishButton" time="0.289"/>
  <testcase classname="TestCase.FilterPage" name="DescendingPrice" time="0.194"/>
  <testcase classname="TestCase.FilterPage" name="ascendingPrice" time="0.171"/>
  <testcase classname="TestCase.FilterPage" name="sortAtoZ" time="0.138"/>
  <testcase classname="TestCase.FilterPage" name="sortZtoA" time="0.161"/>
</testsuite> <!-- Default test -->
