<?xml version="1.0" encoding="UTF-8"?>
<!-- Generated by org.testng.reporters.JUnitXMLReporter -->
<testsuite ignored="0" hostname="WIN-2C8N3BBE1O1" failures="0" tests="7" name="Default test" time="12.53" errors="0" timestamp="2023-10-07T23:39:06 SGT">
  <testcase classname="TestCase.CheckoutPage" name="Checkout" time="0.264"/>
  <testcase classname="TestCase.CheckoutPage" name="Checkout" time="0.255"/>
  <testcase classname="TestCase.CheckoutPage" name="Checkout" time="0.243"/>
  <testcase classname="TestCase.CheckoutPage" name="Checkout" time="0.253"/>
  <testcase classname="TestCase.CheckoutPage" name="Checkout" time="0.229"/>
  <testcase classname="TestCase.CheckoutPage" name="Checkout" time="0.236"/>
  <testcase classname="TestCase.CheckoutPage" name="Checkout" time="0.236"/>
</testsuite> <!-- Default test -->
