<?xml version="1.0" encoding="UTF-8"?>
<testng-results ignored="0" total="1" passed="1" failed="0" skipped="0">
  <reporter-output>
  </reporter-output>
  <suite started-at="2023-10-05T17:51:44 GMT-07:00" name="Default suite" finished-at="2023-10-05T17:51:54 GMT-07:00" duration-ms="9680">
    <groups>
    </groups>
    <test started-at="2023-10-05T17:51:44 GMT-07:00" name="Default test" finished-at="2023-10-05T17:51:54 GMT-07:00" duration-ms="9680">
      <class name="TestCase.TestCases">
        <test-method is-config="true" signature="setup()[pri:0, instance:TestCase.TestCases@5562c41e]" started-at="2023-10-05T17:51:44 GMT-07:00" name="setup" finished-at="2023-10-05T17:51:51 GMT-07:00" duration-ms="7338" status="PASS">
          <reporter-output>
          </reporter-output>
        </test-method> <!-- setup -->
        <test-method signature="loginpage()[pri:0, instance:TestCase.TestCases@5562c41e]" started-at="2023-10-05T17:51:51 GMT-07:00" name="loginpage" finished-at="2023-10-05T17:51:53 GMT-07:00" duration-ms="1305" status="PASS">
          <reporter-output>
          </reporter-output>
        </test-method> <!-- loginpage -->
        <test-method is-config="true" signature="teardown()[pri:0, instance:TestCase.TestCases@5562c41e]" started-at="2023-10-05T17:51:53 GMT-07:00" name="teardown" finished-at="2023-10-05T17:51:54 GMT-07:00" duration-ms="888" status="PASS">
          <reporter-output>
          </reporter-output>
        </test-method> <!-- teardown -->
      </class> <!-- TestCase.TestCases -->
    </test> <!-- Default test -->
  </suite> <!-- Default suite -->
</testng-results>
