<?xml version="1.0" encoding="UTF-8"?>
<testng-results ignored="0" total="25" passed="25" failed="0" skipped="0">
  <reporter-output>
  </reporter-output>
  <suite started-at="2023-11-24T04:31:51 SGT" name="Default suite" finished-at="2023-11-24T04:32:40 SGT" duration-ms="49525">
    <groups>
    </groups>
    <test started-at="2023-11-24T04:31:51 SGT" name="Default test" finished-at="2023-11-24T04:32:40 SGT" duration-ms="49525">
      <class name="TestCases.Filter">
        <test-method is-config="true" signature="setup()[pri:0, instance:TestCases.Filter@210f0cc1]" started-at="2023-11-24T04:32:07 SGT" name="setup" finished-at="2023-11-24T04:32:08 SGT" duration-ms="1096" status="PASS">
          <reporter-output>
          </reporter-output>
        </test-method> <!-- setup -->
        <test-method is-config="true" signature="loginpage()[pri:0, instance:TestCases.Filter@210f0cc1]" started-at="2023-11-24T04:32:08 SGT" name="loginpage" finished-at="2023-11-24T04:32:08 SGT" duration-ms="175" status="PASS">
          <reporter-output>
          </reporter-output>
        </test-method> <!-- loginpage -->
        <test-method signature="PriceHightoLow()[pri:0, instance:TestCases.Filter@210f0cc1]" started-at="2023-11-24T04:32:08 SGT" name="PriceHightoLow" finished-at="2023-11-24T04:32:08 SGT" duration-ms="199" status="PASS">
          <reporter-output>
          </reporter-output>
        </test-method> <!-- PriceHightoLow -->
        <test-method is-config="true" signature="teardown()[pri:0, instance:TestCases.Filter@210f0cc1]" started-at="2023-11-24T04:32:08 SGT" name="teardown" finished-at="2023-11-24T04:32:08 SGT" duration-ms="97" status="PASS">
          <reporter-output>
          </reporter-output>
        </test-method> <!-- teardown -->
        <test-method is-config="true" signature="setup()[pri:0, instance:TestCases.Filter@210f0cc1]" started-at="2023-11-24T04:32:08 SGT" name="setup" finished-at="2023-11-24T04:32:09 SGT" duration-ms="1094" status="PASS">
          <reporter-output>
          </reporter-output>
        </test-method> <!-- setup -->
        <test-method is-config="true" signature="loginpage()[pri:0, instance:TestCases.Filter@210f0cc1]" started-at="2023-11-24T04:32:09 SGT" name="loginpage" finished-at="2023-11-24T04:32:10 SGT" duration-ms="176" status="PASS">
          <reporter-output>
          </reporter-output>
        </test-method> <!-- loginpage -->
        <test-method signature="PriceLowtoHigh()[pri:0, instance:TestCases.Filter@210f0cc1]" started-at="2023-11-24T04:32:10 SGT" name="PriceLowtoHigh" finished-at="2023-11-24T04:32:10 SGT" duration-ms="186" status="PASS">
          <reporter-output>
          </reporter-output>
        </test-method> <!-- PriceLowtoHigh -->
        <test-method is-config="true" signature="teardown()[pri:0, instance:TestCases.Filter@210f0cc1]" started-at="2023-11-24T04:32:10 SGT" name="teardown" finished-at="2023-11-24T04:32:10 SGT" duration-ms="108" status="PASS">
          <reporter-output>
          </reporter-output>
        </test-method> <!-- teardown -->
        <test-method is-config="true" signature="setup()[pri:0, instance:TestCases.Filter@210f0cc1]" started-at="2023-11-24T04:32:10 SGT" name="setup" finished-at="2023-11-24T04:32:11 SGT" duration-ms="1125" status="PASS">
          <reporter-output>
          </reporter-output>
        </test-method> <!-- setup -->
        <test-method is-config="true" signature="loginpage()[pri:0, instance:TestCases.Filter@210f0cc1]" started-at="2023-11-24T04:32:11 SGT" name="loginpage" finished-at="2023-11-24T04:32:11 SGT" duration-ms="179" status="PASS">
          <reporter-output>
          </reporter-output>
        </test-method> <!-- loginpage -->
        <test-method signature="sortAtoZ()[pri:0, instance:TestCases.Filter@210f0cc1]" started-at="2023-11-24T04:32:11 SGT" name="sortAtoZ" finished-at="2023-11-24T04:32:13 SGT" duration-ms="2082" status="PASS">
          <reporter-output>
          </reporter-output>
        </test-method> <!-- sortAtoZ -->
        <test-method is-config="true" signature="teardown()[pri:0, instance:TestCases.Filter@210f0cc1]" started-at="2023-11-24T04:32:13 SGT" name="teardown" finished-at="2023-11-24T04:32:13 SGT" duration-ms="110" status="PASS">
          <reporter-output>
          </reporter-output>
        </test-method> <!-- teardown -->
        <test-method is-config="true" signature="setup()[pri:0, instance:TestCases.Filter@210f0cc1]" started-at="2023-11-24T04:32:13 SGT" name="setup" finished-at="2023-11-24T04:32:15 SGT" duration-ms="1425" status="PASS">
          <reporter-output>
          </reporter-output>
        </test-method> <!-- setup -->
        <test-method is-config="true" signature="loginpage()[pri:0, instance:TestCases.Filter@210f0cc1]" started-at="2023-11-24T04:32:15 SGT" name="loginpage" finished-at="2023-11-24T04:32:15 SGT" duration-ms="184" status="PASS">
          <reporter-output>
          </reporter-output>
        </test-method> <!-- loginpage -->
        <test-method signature="sortZtoA()[pri:0, instance:TestCases.Filter@210f0cc1]" started-at="2023-11-24T04:32:15 SGT" name="sortZtoA" finished-at="2023-11-24T04:32:15 SGT" duration-ms="105" status="PASS">
          <reporter-output>
          </reporter-output>
        </test-method> <!-- sortZtoA -->
        <test-method is-config="true" signature="teardown()[pri:0, instance:TestCases.Filter@210f0cc1]" started-at="2023-11-24T04:32:15 SGT" name="teardown" finished-at="2023-11-24T04:32:15 SGT" duration-ms="94" status="PASS">
          <reporter-output>
          </reporter-output>
        </test-method> <!-- teardown -->
      </class> <!-- TestCases.Filter -->
      <class name="TestCases.PositiveLogin">
        <test-method is-config="true" signature="setup()[pri:0, instance:TestCases.PositiveLogin@6f95cd51]" started-at="2023-11-24T04:32:15 SGT" name="setup" finished-at="2023-11-24T04:32:17 SGT" duration-ms="1431" status="PASS">
          <reporter-output>
          </reporter-output>
        </test-method> <!-- setup -->
        <test-method signature="PositiveLoginTest1(java.lang.String,java.lang.String)[pri:0, instance:TestCases.PositiveLogin@6f95cd51]" started-at="2023-11-24T04:32:17 SGT" name="PositiveLoginTest1" data-provider="PositiveLoginDataset" finished-at="2023-11-24T04:32:17 SGT" duration-ms="188" status="PASS">
          <params>
            <param index="0">
              <value>
                <![CDATA[standard_user]]>
              </value>
            </param>
            <param index="1">
              <value>
                <![CDATA[secret_sauce]]>
              </value>
            </param>
          </params>
          <reporter-output>
          </reporter-output>
        </test-method> <!-- PositiveLoginTest1 -->
        <test-method is-config="true" signature="teardown()[pri:0, instance:TestCases.PositiveLogin@6f95cd51]" started-at="2023-11-24T04:32:17 SGT" name="teardown" finished-at="2023-11-24T04:32:17 SGT" duration-ms="105" status="PASS">
          <reporter-output>
          </reporter-output>
        </test-method> <!-- teardown -->
        <test-method is-config="true" signature="setup()[pri:0, instance:TestCases.PositiveLogin@6f95cd51]" started-at="2023-11-24T04:32:17 SGT" name="setup" finished-at="2023-11-24T04:32:18 SGT" duration-ms="1169" status="PASS">
          <reporter-output>
          </reporter-output>
        </test-method> <!-- setup -->
        <test-method signature="PositiveLoginTest1(java.lang.String,java.lang.String)[pri:0, instance:TestCases.PositiveLogin@6f95cd51]" started-at="2023-11-24T04:32:18 SGT" name="PositiveLoginTest1" data-provider="PositiveLoginDataset" finished-at="2023-11-24T04:32:18 SGT" duration-ms="186" status="PASS">
          <params>
            <param index="0">
              <value>
                <![CDATA[error_user]]>
              </value>
            </param>
            <param index="1">
              <value>
                <![CDATA[secret_sauce]]>
              </value>
            </param>
          </params>
          <reporter-output>
          </reporter-output>
        </test-method> <!-- PositiveLoginTest1 -->
        <test-method is-config="true" signature="teardown()[pri:0, instance:TestCases.PositiveLogin@6f95cd51]" started-at="2023-11-24T04:32:18 SGT" name="teardown" finished-at="2023-11-24T04:32:18 SGT" duration-ms="123" status="PASS">
          <reporter-output>
          </reporter-output>
        </test-method> <!-- teardown -->
        <test-method is-config="true" signature="setup()[pri:0, instance:TestCases.PositiveLogin@6f95cd51]" started-at="2023-11-24T04:32:18 SGT" name="setup" finished-at="2023-11-24T04:32:20 SGT" duration-ms="1108" status="PASS">
          <reporter-output>
          </reporter-output>
        </test-method> <!-- setup -->
        <test-method signature="PositiveLoginTest1(java.lang.String,java.lang.String)[pri:0, instance:TestCases.PositiveLogin@6f95cd51]" started-at="2023-11-24T04:32:20 SGT" name="PositiveLoginTest1" data-provider="PositiveLoginDataset" finished-at="2023-11-24T04:32:20 SGT" duration-ms="184" status="PASS">
          <params>
            <param index="0">
              <value>
                <![CDATA[problem_user]]>
              </value>
            </param>
            <param index="1">
              <value>
                <![CDATA[secret_sauce]]>
              </value>
            </param>
          </params>
          <reporter-output>
          </reporter-output>
        </test-method> <!-- PositiveLoginTest1 -->
        <test-method is-config="true" signature="teardown()[pri:0, instance:TestCases.PositiveLogin@6f95cd51]" started-at="2023-11-24T04:32:20 SGT" name="teardown" finished-at="2023-11-24T04:32:20 SGT" duration-ms="97" status="PASS">
          <reporter-output>
          </reporter-output>
        </test-method> <!-- teardown -->
        <test-method is-config="true" signature="setup()[pri:0, instance:TestCases.PositiveLogin@6f95cd51]" started-at="2023-11-24T04:32:20 SGT" name="setup" finished-at="2023-11-24T04:32:21 SGT" duration-ms="1113" status="PASS">
          <reporter-output>
          </reporter-output>
        </test-method> <!-- setup -->
        <test-method signature="PositiveLoginTest1(java.lang.String,java.lang.String)[pri:0, instance:TestCases.PositiveLogin@6f95cd51]" started-at="2023-11-24T04:32:21 SGT" name="PositiveLoginTest1" data-provider="PositiveLoginDataset" finished-at="2023-11-24T04:32:21 SGT" duration-ms="181" status="PASS">
          <params>
            <param index="0">
              <value>
                <![CDATA[visual_user]]>
              </value>
            </param>
            <param index="1">
              <value>
                <![CDATA[secret_sauce]]>
              </value>
            </param>
          </params>
          <reporter-output>
          </reporter-output>
        </test-method> <!-- PositiveLoginTest1 -->
        <test-method is-config="true" signature="teardown()[pri:0, instance:TestCases.PositiveLogin@6f95cd51]" started-at="2023-11-24T04:32:21 SGT" name="teardown" finished-at="2023-11-24T04:32:21 SGT" duration-ms="121" status="PASS">
          <reporter-output>
          </reporter-output>
        </test-method> <!-- teardown -->
      </class> <!-- TestCases.PositiveLogin -->
      <class name="TestCases.CheckoutInfo">
        <test-method is-config="true" signature="setup()[pri:0, instance:TestCases.CheckoutInfo@6d868997]" started-at="2023-11-24T04:32:21 SGT" name="setup" finished-at="2023-11-24T04:32:22 SGT" duration-ms="1094" status="PASS">
          <reporter-output>
          </reporter-output>
        </test-method> <!-- setup -->
        <test-method is-config="true" signature="loginpage()[pri:0, instance:TestCases.CheckoutInfo@6d868997]" started-at="2023-11-24T04:32:22 SGT" name="loginpage" finished-at="2023-11-24T04:32:22 SGT" duration-ms="180" status="PASS">
          <reporter-output>
          </reporter-output>
        </test-method> <!-- loginpage -->
        <test-method signature="CancelButton()[pri:0, instance:TestCases.CheckoutInfo@6d868997]" started-at="2023-11-24T04:32:22 SGT" name="CancelButton" finished-at="2023-11-24T04:32:23 SGT" duration-ms="280" status="PASS">
          <reporter-output>
          </reporter-output>
        </test-method> <!-- CancelButton -->
        <test-method is-config="true" signature="teardown()[pri:0, instance:TestCases.CheckoutInfo@6d868997]" started-at="2023-11-24T04:32:23 SGT" name="teardown" finished-at="2023-11-24T04:32:23 SGT" duration-ms="116" status="PASS">
          <reporter-output>
          </reporter-output>
        </test-method> <!-- teardown -->
        <test-method is-config="true" signature="setup()[pri:0, instance:TestCases.CheckoutInfo@6d868997]" started-at="2023-11-24T04:32:23 SGT" name="setup" finished-at="2023-11-24T04:32:24 SGT" duration-ms="1136" status="PASS">
          <reporter-output>
          </reporter-output>
        </test-method> <!-- setup -->
        <test-method is-config="true" signature="loginpage()[pri:0, instance:TestCases.CheckoutInfo@6d868997]" started-at="2023-11-24T04:32:24 SGT" name="loginpage" finished-at="2023-11-24T04:32:24 SGT" duration-ms="181" status="PASS">
          <reporter-output>
          </reporter-output>
        </test-method> <!-- loginpage -->
        <test-method signature="Checkout(java.lang.String,java.lang.String,java.lang.String)[pri:0, instance:TestCases.CheckoutInfo@6d868997]" started-at="2023-11-24T04:32:24 SGT" name="Checkout" data-provider="CheckoutDataset" finished-at="2023-11-24T04:32:24 SGT" duration-ms="271" status="PASS">
          <params>
            <param index="0">
              <value>
                <![CDATA[Wilbert]]>
              </value>
            </param>
            <param index="1">
              <value>
                <![CDATA[Lacuesta]]>
              </value>
            </param>
            <param index="2">
              <value>
                <![CDATA[2306]]>
              </value>
            </param>
          </params>
          <reporter-output>
          </reporter-output>
        </test-method> <!-- Checkout -->
        <test-method is-config="true" signature="teardown()[pri:0, instance:TestCases.CheckoutInfo@6d868997]" started-at="2023-11-24T04:32:24 SGT" name="teardown" finished-at="2023-11-24T04:32:25 SGT" duration-ms="122" status="PASS">
          <reporter-output>
          </reporter-output>
        </test-method> <!-- teardown -->
        <test-method is-config="true" signature="setup()[pri:0, instance:TestCases.CheckoutInfo@6d868997]" started-at="2023-11-24T04:32:25 SGT" name="setup" finished-at="2023-11-24T04:32:26 SGT" duration-ms="1110" status="PASS">
          <reporter-output>
          </reporter-output>
        </test-method> <!-- setup -->
        <test-method is-config="true" signature="loginpage()[pri:0, instance:TestCases.CheckoutInfo@6d868997]" started-at="2023-11-24T04:32:26 SGT" name="loginpage" finished-at="2023-11-24T04:32:26 SGT" duration-ms="177" status="PASS">
          <reporter-output>
          </reporter-output>
        </test-method> <!-- loginpage -->
        <test-method signature="Checkout(java.lang.String,java.lang.String,java.lang.String)[pri:0, instance:TestCases.CheckoutInfo@6d868997]" started-at="2023-11-24T04:32:26 SGT" name="Checkout" data-provider="CheckoutDataset" finished-at="2023-11-24T04:32:26 SGT" duration-ms="247" status="PASS">
          <params>
            <param index="0">
              <value>
                <![CDATA[]]>
              </value>
            </param>
            <param index="1">
              <value>
                <![CDATA[Lacuesta]]>
              </value>
            </param>
            <param index="2">
              <value>
                <![CDATA[2306]]>
              </value>
            </param>
          </params>
          <reporter-output>
          </reporter-output>
        </test-method> <!-- Checkout -->
        <test-method is-config="true" signature="teardown()[pri:0, instance:TestCases.CheckoutInfo@6d868997]" started-at="2023-11-24T04:32:26 SGT" name="teardown" finished-at="2023-11-24T04:32:26 SGT" duration-ms="108" status="PASS">
          <reporter-output>
          </reporter-output>
        </test-method> <!-- teardown -->
        <test-method is-config="true" signature="setup()[pri:0, instance:TestCases.CheckoutInfo@6d868997]" started-at="2023-11-24T04:32:26 SGT" name="setup" finished-at="2023-11-24T04:32:27 SGT" duration-ms="1091" status="PASS">
          <reporter-output>
          </reporter-output>
        </test-method> <!-- setup -->
        <test-method is-config="true" signature="loginpage()[pri:0, instance:TestCases.CheckoutInfo@6d868997]" started-at="2023-11-24T04:32:27 SGT" name="loginpage" finished-at="2023-11-24T04:32:28 SGT" duration-ms="175" status="PASS">
          <reporter-output>
          </reporter-output>
        </test-method> <!-- loginpage -->
        <test-method signature="Checkout(java.lang.String,java.lang.String,java.lang.String)[pri:0, instance:TestCases.CheckoutInfo@6d868997]" started-at="2023-11-24T04:32:28 SGT" name="Checkout" data-provider="CheckoutDataset" finished-at="2023-11-24T04:32:28 SGT" duration-ms="250" status="PASS">
          <params>
            <param index="0">
              <value>
                <![CDATA[Wilbert]]>
              </value>
            </param>
            <param index="1">
              <value>
                <![CDATA[]]>
              </value>
            </param>
            <param index="2">
              <value>
                <![CDATA[2306]]>
              </value>
            </param>
          </params>
          <reporter-output>
          </reporter-output>
        </test-method> <!-- Checkout -->
        <test-method is-config="true" signature="teardown()[pri:0, instance:TestCases.CheckoutInfo@6d868997]" started-at="2023-11-24T04:32:28 SGT" name="teardown" finished-at="2023-11-24T04:32:28 SGT" duration-ms="115" status="PASS">
          <reporter-output>
          </reporter-output>
        </test-method> <!-- teardown -->
        <test-method is-config="true" signature="setup()[pri:0, instance:TestCases.CheckoutInfo@6d868997]" started-at="2023-11-24T04:32:28 SGT" name="setup" finished-at="2023-11-24T04:32:29 SGT" duration-ms="1065" status="PASS">
          <reporter-output>
          </reporter-output>
        </test-method> <!-- setup -->
        <test-method is-config="true" signature="loginpage()[pri:0, instance:TestCases.CheckoutInfo@6d868997]" started-at="2023-11-24T04:32:29 SGT" name="loginpage" finished-at="2023-11-24T04:32:29 SGT" duration-ms="175" status="PASS">
          <reporter-output>
          </reporter-output>
        </test-method> <!-- loginpage -->
        <test-method signature="Checkout(java.lang.String,java.lang.String,java.lang.String)[pri:0, instance:TestCases.CheckoutInfo@6d868997]" started-at="2023-11-24T04:32:29 SGT" name="Checkout" data-provider="CheckoutDataset" finished-at="2023-11-24T04:32:29 SGT" duration-ms="254" status="PASS">
          <params>
            <param index="0">
              <value>
                <![CDATA[Wilbert]]>
              </value>
            </param>
            <param index="1">
              <value>
                <![CDATA[Lacuesta]]>
              </value>
            </param>
            <param index="2">
              <value>
                <![CDATA[]]>
              </value>
            </param>
          </params>
          <reporter-output>
          </reporter-output>
        </test-method> <!-- Checkout -->
        <test-method is-config="true" signature="teardown()[pri:0, instance:TestCases.CheckoutInfo@6d868997]" started-at="2023-11-24T04:32:29 SGT" name="teardown" finished-at="2023-11-24T04:32:29 SGT" duration-ms="102" status="PASS">
          <reporter-output>
          </reporter-output>
        </test-method> <!-- teardown -->
        <test-method is-config="true" signature="setup()[pri:0, instance:TestCases.CheckoutInfo@6d868997]" started-at="2023-11-24T04:32:29 SGT" name="setup" finished-at="2023-11-24T04:32:31 SGT" duration-ms="1193" status="PASS">
          <reporter-output>
          </reporter-output>
        </test-method> <!-- setup -->
        <test-method is-config="true" signature="loginpage()[pri:0, instance:TestCases.CheckoutInfo@6d868997]" started-at="2023-11-24T04:32:31 SGT" name="loginpage" finished-at="2023-11-24T04:32:31 SGT" duration-ms="174" status="PASS">
          <reporter-output>
          </reporter-output>
        </test-method> <!-- loginpage -->
        <test-method signature="Checkout(java.lang.String,java.lang.String,java.lang.String)[pri:0, instance:TestCases.CheckoutInfo@6d868997]" started-at="2023-11-24T04:32:31 SGT" name="Checkout" data-provider="CheckoutDataset" finished-at="2023-11-24T04:32:31 SGT" duration-ms="229" status="PASS">
          <params>
            <param index="0">
              <value>
                <![CDATA[]]>
              </value>
            </param>
            <param index="1">
              <value>
                <![CDATA[]]>
              </value>
            </param>
            <param index="2">
              <value>
                <![CDATA[2306]]>
              </value>
            </param>
          </params>
          <reporter-output>
          </reporter-output>
        </test-method> <!-- Checkout -->
        <test-method is-config="true" signature="teardown()[pri:0, instance:TestCases.CheckoutInfo@6d868997]" started-at="2023-11-24T04:32:31 SGT" name="teardown" finished-at="2023-11-24T04:32:31 SGT" duration-ms="103" status="PASS">
          <reporter-output>
          </reporter-output>
        </test-method> <!-- teardown -->
        <test-method is-config="true" signature="setup()[pri:0, instance:TestCases.CheckoutInfo@6d868997]" started-at="2023-11-24T04:32:31 SGT" name="setup" finished-at="2023-11-24T04:32:33 SGT" duration-ms="1400" status="PASS">
          <reporter-output>
          </reporter-output>
        </test-method> <!-- setup -->
        <test-method is-config="true" signature="loginpage()[pri:0, instance:TestCases.CheckoutInfo@6d868997]" started-at="2023-11-24T04:32:33 SGT" name="loginpage" finished-at="2023-11-24T04:32:33 SGT" duration-ms="177" status="PASS">
          <reporter-output>
          </reporter-output>
        </test-method> <!-- loginpage -->
        <test-method signature="Checkout(java.lang.String,java.lang.String,java.lang.String)[pri:0, instance:TestCases.CheckoutInfo@6d868997]" started-at="2023-11-24T04:32:33 SGT" name="Checkout" data-provider="CheckoutDataset" finished-at="2023-11-24T04:32:33 SGT" duration-ms="243" status="PASS">
          <params>
            <param index="0">
              <value>
                <![CDATA[]]>
              </value>
            </param>
            <param index="1">
              <value>
                <![CDATA[Lacuesta]]>
              </value>
            </param>
            <param index="2">
              <value>
                <![CDATA[]]>
              </value>
            </param>
          </params>
          <reporter-output>
          </reporter-output>
        </test-method> <!-- Checkout -->
        <test-method is-config="true" signature="teardown()[pri:0, instance:TestCases.CheckoutInfo@6d868997]" started-at="2023-11-24T04:32:33 SGT" name="teardown" finished-at="2023-11-24T04:32:33 SGT" duration-ms="135" status="PASS">
          <reporter-output>
          </reporter-output>
        </test-method> <!-- teardown -->
        <test-method is-config="true" signature="setup()[pri:0, instance:TestCases.CheckoutInfo@6d868997]" started-at="2023-11-24T04:32:33 SGT" name="setup" finished-at="2023-11-24T04:32:34 SGT" duration-ms="1058" status="PASS">
          <reporter-output>
          </reporter-output>
        </test-method> <!-- setup -->
        <test-method is-config="true" signature="loginpage()[pri:0, instance:TestCases.CheckoutInfo@6d868997]" started-at="2023-11-24T04:32:34 SGT" name="loginpage" finished-at="2023-11-24T04:32:34 SGT" duration-ms="182" status="PASS">
          <reporter-output>
          </reporter-output>
        </test-method> <!-- loginpage -->
        <test-method signature="Checkout(java.lang.String,java.lang.String,java.lang.String)[pri:0, instance:TestCases.CheckoutInfo@6d868997]" started-at="2023-11-24T04:32:34 SGT" name="Checkout" data-provider="CheckoutDataset" finished-at="2023-11-24T04:32:35 SGT" duration-ms="245" status="PASS">
          <params>
            <param index="0">
              <value>
                <![CDATA[Wilbert]]>
              </value>
            </param>
            <param index="1">
              <value>
                <![CDATA[]]>
              </value>
            </param>
            <param index="2">
              <value>
                <![CDATA[]]>
              </value>
            </param>
          </params>
          <reporter-output>
          </reporter-output>
        </test-method> <!-- Checkout -->
        <test-method is-config="true" signature="teardown()[pri:0, instance:TestCases.CheckoutInfo@6d868997]" started-at="2023-11-24T04:32:35 SGT" name="teardown" finished-at="2023-11-24T04:32:35 SGT" duration-ms="123" status="PASS">
          <reporter-output>
          </reporter-output>
        </test-method> <!-- teardown -->
      </class> <!-- TestCases.CheckoutInfo -->
      <class name="TestCases.AddtoCart">
        <test-method is-config="true" signature="setup()[pri:0, instance:TestCases.AddtoCart@2c383e33]" started-at="2023-11-24T04:32:35 SGT" name="setup" finished-at="2023-11-24T04:32:36 SGT" duration-ms="1133" status="PASS">
          <reporter-output>
          </reporter-output>
        </test-method> <!-- setup -->
        <test-method is-config="true" signature="loginpage()[pri:0, instance:TestCases.AddtoCart@2c383e33]" started-at="2023-11-24T04:32:36 SGT" name="loginpage" finished-at="2023-11-24T04:32:36 SGT" duration-ms="170" status="PASS">
          <reporter-output>
          </reporter-output>
        </test-method> <!-- loginpage -->
        <test-method signature="AddtoCartTest()[pri:0, instance:TestCases.AddtoCart@2c383e33]" started-at="2023-11-24T04:32:36 SGT" name="AddtoCartTest" finished-at="2023-11-24T04:32:36 SGT" duration-ms="336" status="PASS">
          <reporter-output>
          </reporter-output>
        </test-method> <!-- AddtoCartTest -->
        <test-method is-config="true" signature="teardown()[pri:0, instance:TestCases.AddtoCart@2c383e33]" started-at="2023-11-24T04:32:36 SGT" name="teardown" finished-at="2023-11-24T04:32:36 SGT" duration-ms="105" status="PASS">
          <reporter-output>
          </reporter-output>
        </test-method> <!-- teardown -->
      </class> <!-- TestCases.AddtoCart -->
      <class name="TestCases.CheckoutOverview">
        <test-method is-config="true" signature="setup()[pri:0, instance:TestCases.CheckoutOverview@74a195a4]" started-at="2023-11-24T04:32:36 SGT" name="setup" finished-at="2023-11-24T04:32:38 SGT" duration-ms="1106" status="PASS">
          <reporter-output>
          </reporter-output>
        </test-method> <!-- setup -->
        <test-method is-config="true" signature="loginpage()[pri:0, instance:TestCases.CheckoutOverview@74a195a4]" started-at="2023-11-24T04:32:38 SGT" name="loginpage" finished-at="2023-11-24T04:32:38 SGT" duration-ms="173" status="PASS">
          <reporter-output>
          </reporter-output>
        </test-method> <!-- loginpage -->
        <test-method signature="CheckoutOverviewTest()[pri:0, instance:TestCases.CheckoutOverview@74a195a4]" started-at="2023-11-24T04:32:38 SGT" name="CheckoutOverviewTest" finished-at="2023-11-24T04:32:38 SGT" duration-ms="626" status="PASS">
          <reporter-output>
          </reporter-output>
        </test-method> <!-- CheckoutOverviewTest -->
        <test-method is-config="true" signature="teardown()[pri:0, instance:TestCases.CheckoutOverview@74a195a4]" started-at="2023-11-24T04:32:38 SGT" name="teardown" finished-at="2023-11-24T04:32:38 SGT" duration-ms="115" status="PASS">
          <reporter-output>
          </reporter-output>
        </test-method> <!-- teardown -->
        <test-method is-config="true" signature="setup()[pri:0, instance:TestCases.CheckoutOverview@74a195a4]" started-at="2023-11-24T04:32:38 SGT" name="setup" finished-at="2023-11-24T04:32:40 SGT" duration-ms="1073" status="PASS">
          <reporter-output>
          </reporter-output>
        </test-method> <!-- setup -->
        <test-method is-config="true" signature="loginpage()[pri:0, instance:TestCases.CheckoutOverview@74a195a4]" started-at="2023-11-24T04:32:40 SGT" name="loginpage" finished-at="2023-11-24T04:32:40 SGT" duration-ms="178" status="PASS">
          <reporter-output>
          </reporter-output>
        </test-method> <!-- loginpage -->
        <test-method signature="btnCancelOverview()[pri:0, instance:TestCases.CheckoutOverview@74a195a4]" started-at="2023-11-24T04:32:40 SGT" name="btnCancelOverview" finished-at="2023-11-24T04:32:40 SGT" duration-ms="309" status="PASS">
          <reporter-output>
          </reporter-output>
        </test-method> <!-- btnCancelOverview -->
        <test-method is-config="true" signature="teardown()[pri:0, instance:TestCases.CheckoutOverview@74a195a4]" started-at="2023-11-24T04:32:40 SGT" name="teardown" finished-at="2023-11-24T04:32:40 SGT" duration-ms="110" status="PASS">
          <reporter-output>
          </reporter-output>
        </test-method> <!-- teardown -->
      </class> <!-- TestCases.CheckoutOverview -->
      <class name="TestCases.NegativeLoginPage">
        <test-method is-config="true" signature="setup()[pri:0, instance:TestCases.NegativeLoginPage@27f3b6d6]" started-at="2023-11-24T04:31:51 SGT" name="setup" finished-at="2023-11-24T04:31:53 SGT" duration-ms="2465" status="PASS">
          <reporter-output>
          </reporter-output>
        </test-method> <!-- setup -->
        <test-method signature="PositiveLoginTest1(java.lang.String,java.lang.String)[pri:0, instance:TestCases.NegativeLoginPage@27f3b6d6]" started-at="2023-11-24T04:31:53 SGT" name="PositiveLoginTest1" data-provider="NegativeLoginDataset" finished-at="2023-11-24T04:31:53 SGT" duration-ms="210" status="PASS">
          <params>
            <param index="0">
              <value>
                <![CDATA[standard_user]]>
              </value>
            </param>
            <param index="1">
              <value>
                <![CDATA[negative_password1]]>
              </value>
            </param>
          </params>
          <reporter-output>
          </reporter-output>
        </test-method> <!-- PositiveLoginTest1 -->
        <test-method is-config="true" signature="teardown()[pri:0, instance:TestCases.NegativeLoginPage@27f3b6d6]" started-at="2023-11-24T04:31:53 SGT" name="teardown" finished-at="2023-11-24T04:31:53 SGT" duration-ms="118" status="PASS">
          <reporter-output>
          </reporter-output>
        </test-method> <!-- teardown -->
        <test-method is-config="true" signature="setup()[pri:0, instance:TestCases.NegativeLoginPage@27f3b6d6]" started-at="2023-11-24T04:31:53 SGT" name="setup" finished-at="2023-11-24T04:31:55 SGT" duration-ms="1148" status="PASS">
          <reporter-output>
          </reporter-output>
        </test-method> <!-- setup -->
        <test-method signature="PositiveLoginTest1(java.lang.String,java.lang.String)[pri:0, instance:TestCases.NegativeLoginPage@27f3b6d6]" started-at="2023-11-24T04:31:55 SGT" name="PositiveLoginTest1" data-provider="NegativeLoginDataset" finished-at="2023-11-24T04:31:55 SGT" duration-ms="186" status="PASS">
          <params>
            <param index="0">
              <value>
                <![CDATA[negative_username]]>
              </value>
            </param>
            <param index="1">
              <value>
                <![CDATA[secret_sauce]]>
              </value>
            </param>
          </params>
          <reporter-output>
          </reporter-output>
        </test-method> <!-- PositiveLoginTest1 -->
        <test-method is-config="true" signature="teardown()[pri:0, instance:TestCases.NegativeLoginPage@27f3b6d6]" started-at="2023-11-24T04:31:55 SGT" name="teardown" finished-at="2023-11-24T04:31:55 SGT" duration-ms="108" status="PASS">
          <reporter-output>
          </reporter-output>
        </test-method> <!-- teardown -->
        <test-method is-config="true" signature="setup()[pri:0, instance:TestCases.NegativeLoginPage@27f3b6d6]" started-at="2023-11-24T04:31:55 SGT" name="setup" finished-at="2023-11-24T04:31:56 SGT" duration-ms="1132" status="PASS">
          <reporter-output>
          </reporter-output>
        </test-method> <!-- setup -->
        <test-method signature="PositiveLoginTest1(java.lang.String,java.lang.String)[pri:0, instance:TestCases.NegativeLoginPage@27f3b6d6]" started-at="2023-11-24T04:31:56 SGT" name="PositiveLoginTest1" data-provider="NegativeLoginDataset" finished-at="2023-11-24T04:31:56 SGT" duration-ms="193" status="PASS">
          <params>
            <param index="0">
              <value>
                <![CDATA[negatice_username]]>
              </value>
            </param>
            <param index="1">
              <value>
                <![CDATA[negative_password1]]>
              </value>
            </param>
          </params>
          <reporter-output>
          </reporter-output>
        </test-method> <!-- PositiveLoginTest1 -->
        <test-method is-config="true" signature="teardown()[pri:0, instance:TestCases.NegativeLoginPage@27f3b6d6]" started-at="2023-11-24T04:31:56 SGT" name="teardown" finished-at="2023-11-24T04:31:56 SGT" duration-ms="99" status="PASS">
          <reporter-output>
          </reporter-output>
        </test-method> <!-- teardown -->
      </class> <!-- TestCases.NegativeLoginPage -->
      <class name="TestCases.RemovetoCart">
        <test-method is-config="true" signature="setup()[pri:0, instance:TestCases.RemovetoCart@4a325eb9]" started-at="2023-11-24T04:31:56 SGT" name="setup" finished-at="2023-11-24T04:31:57 SGT" duration-ms="1130" status="PASS">
          <reporter-output>
          </reporter-output>
        </test-method> <!-- setup -->
        <test-method is-config="true" signature="loginpage()[pri:0, instance:TestCases.RemovetoCart@4a325eb9]" started-at="2023-11-24T04:31:57 SGT" name="loginpage" finished-at="2023-11-24T04:31:58 SGT" duration-ms="180" status="PASS">
          <reporter-output>
          </reporter-output>
        </test-method> <!-- loginpage -->
        <test-method signature="Checkout()[pri:0, instance:TestCases.RemovetoCart@4a325eb9]" started-at="2023-11-24T04:31:58 SGT" name="Checkout" finished-at="2023-11-24T04:31:58 SGT" duration-ms="213" status="PASS">
          <reporter-output>
          </reporter-output>
        </test-method> <!-- Checkout -->
        <test-method is-config="true" signature="teardown()[pri:0, instance:TestCases.RemovetoCart@4a325eb9]" started-at="2023-11-24T04:31:58 SGT" name="teardown" finished-at="2023-11-24T04:31:58 SGT" duration-ms="119" status="PASS">
          <reporter-output>
          </reporter-output>
        </test-method> <!-- teardown -->
        <test-method is-config="true" signature="setup()[pri:0, instance:TestCases.RemovetoCart@4a325eb9]" started-at="2023-11-24T04:31:58 SGT" name="setup" finished-at="2023-11-24T04:31:59 SGT" duration-ms="1458" status="PASS">
          <reporter-output>
          </reporter-output>
        </test-method> <!-- setup -->
        <test-method is-config="true" signature="loginpage()[pri:0, instance:TestCases.RemovetoCart@4a325eb9]" started-at="2023-11-24T04:31:59 SGT" name="loginpage" finished-at="2023-11-24T04:32:00 SGT" duration-ms="189" status="PASS">
          <reporter-output>
          </reporter-output>
        </test-method> <!-- loginpage -->
        <test-method signature="ContinueShopping()[pri:0, instance:TestCases.RemovetoCart@4a325eb9]" started-at="2023-11-24T04:32:00 SGT" name="ContinueShopping" finished-at="2023-11-24T04:32:00 SGT" duration-ms="112" status="PASS">
          <reporter-output>
          </reporter-output>
        </test-method> <!-- ContinueShopping -->
        <test-method is-config="true" signature="teardown()[pri:0, instance:TestCases.RemovetoCart@4a325eb9]" started-at="2023-11-24T04:32:00 SGT" name="teardown" finished-at="2023-11-24T04:32:00 SGT" duration-ms="115" status="PASS">
          <reporter-output>
          </reporter-output>
        </test-method> <!-- teardown -->
        <test-method is-config="true" signature="setup()[pri:0, instance:TestCases.RemovetoCart@4a325eb9]" started-at="2023-11-24T04:32:00 SGT" name="setup" finished-at="2023-11-24T04:32:01 SGT" duration-ms="1137" status="PASS">
          <reporter-output>
          </reporter-output>
        </test-method> <!-- setup -->
        <test-method is-config="true" signature="loginpage()[pri:0, instance:TestCases.RemovetoCart@4a325eb9]" started-at="2023-11-24T04:32:01 SGT" name="loginpage" finished-at="2023-11-24T04:32:01 SGT" duration-ms="184" status="PASS">
          <reporter-output>
          </reporter-output>
        </test-method> <!-- loginpage -->
        <test-method signature="Remove()[pri:0, instance:TestCases.RemovetoCart@4a325eb9]" started-at="2023-11-24T04:32:01 SGT" name="Remove" finished-at="2023-11-24T04:32:07 SGT" duration-ms="5482" status="PASS">
          <reporter-output>
          </reporter-output>
        </test-method> <!-- Remove -->
        <test-method is-config="true" signature="teardown()[pri:0, instance:TestCases.RemovetoCart@4a325eb9]" started-at="2023-11-24T04:32:07 SGT" name="teardown" finished-at="2023-11-24T04:32:07 SGT" duration-ms="88" status="PASS">
          <reporter-output>
          </reporter-output>
        </test-method> <!-- teardown -->
      </class> <!-- TestCases.RemovetoCart -->
    </test> <!-- Default test -->
  </suite> <!-- Default suite -->
</testng-results>
